<?xml version="1.0" encoding="UTF-8" standalone="no"?>
<testsuite failures="0" name="cucumber.runtime.formatter.JUnitFormatter" skipped="0" tests="1" time="13.385167">
    <testcase classname="To validate the login page in ICICI application" name="To validate login page" time="13.385167">
        <system-out><![CDATA[Given To launch The Browser.................................................passed
When To launch url of ICICI application.....................................passed
Then Close the browser......................................................passed
]]></system-out>
    </testcase>
</testsuite>
